<?xml version="1.0" encoding="UTF-8" standalone="no"?>
<!DOCTYPE log SYSTEM "logger.dtd">
<log>
<record>
  <date>2017-05-19T12:21:56</date>
  <millis>1495214516811</millis>
  <sequence>0</sequence>
  <logger>services.UnitService</logger>
  <level>SEVERE</level>
  <class>services.UnitService</class>
  <method>findAll</method>
  <thread>14</thread>
  <message>A serious Exception has occurred</message>
  <exception>
    <message>java.sql.SQLException: Column Index out of range, 0 &lt; 1.</message>
    <frame>
      <class>com.mysql.jdbc.SQLError</class>
      <method>createSQLException</method>
      <line>1074</line>
    </frame>
    <frame>
      <class>com.mysql.jdbc.SQLError</class>
      <method>createSQLException</method>
      <line>988</line>
    </frame>
    <frame>
      <class>com.mysql.jdbc.SQLError</class>
      <method>createSQLException</method>
      <line>974</line>
    </frame>
    <frame>
      <class>com.mysql.jdbc.SQLError</class>
      <method>createSQLException</method>
      <line>919</line>
    </frame>
    <frame>
      <class>com.mysql.jdbc.ResultSetImpl</class>
      <method>checkColumnBounds</method>
      <line>825</line>
    </frame>
    <frame>
      <class>com.mysql.jdbc.ResultSetImpl</class>
      <method>getInt</method>
      <line>2715</line>
    </frame>
    <frame>
      <class>services.UnitService</class>
      <method>findAll</method>
      <line>162</line>
    </frame>
    <frame>
      <class>presentation.UnitViewDialog</class>
      <method>init</method>
      <line>39</line>
    </frame>
    <frame>
      <class>presentation.UnitViewDialog</class>
      <method>&lt;init&gt;</method>
      <line>30</line>
    </frame>
    <frame>
      <class>presentation.MainForm</class>
      <method>jMenuItem2ActionPerformed</method>
      <line>302</line>
    </frame>
    <frame>
      <class>presentation.MainForm</class>
      <method>access$500</method>
      <line>30</line>
    </frame>
    <frame>
      <class>presentation.MainForm$6</class>
      <method>actionPerformed</method>
      <line>161</line>
    </frame>
    <frame>
      <class>javax.swing.AbstractButton</class>
      <method>fireActionPerformed</method>
      <line>2022</line>
    </frame>
    <frame>
      <class>javax.swing.AbstractButton$Handler</class>
      <method>actionPerformed</method>
      <line>2348</line>
    </frame>
    <frame>
      <class>javax.swing.DefaultButtonModel</class>
      <method>fireActionPerformed</method>
      <line>402</line>
    </frame>
    <frame>
      <class>javax.swing.DefaultButtonModel</class>
      <method>setPressed</method>
      <line>259</line>
    </frame>
    <frame>
      <class>javax.swing.AbstractButton</class>
      <method>doClick</method>
      <line>376</line>
    </frame>
    <frame>
      <class>javax.swing.plaf.basic.BasicMenuItemUI</class>
      <method>doClick</method>
      <line>833</line>
    </frame>
    <frame>
      <class>javax.swing.plaf.basic.BasicMenuItemUI$Handler</class>
      <method>mouseReleased</method>
      <line>877</line>
    </frame>
    <frame>
      <class>java.awt.Component</class>
      <method>processMouseEvent</method>
      <line>6533</line>
    </frame>
    <frame>
      <class>javax.swing.JComponent</class>
      <method>processMouseEvent</method>
      <line>3324</line>
    </frame>
    <frame>
      <class>java.awt.Component</class>
      <method>processEvent</method>
      <line>6298</line>
    </frame>
    <frame>
      <class>java.awt.Container</class>
      <method>processEvent</method>
      <line>2236</line>
    </frame>
    <frame>
      <class>java.awt.Component</class>
      <method>dispatchEventImpl</method>
      <line>4889</line>
    </frame>
    <frame>
      <class>java.awt.Container</class>
      <method>dispatchEventImpl</method>
      <line>2294</line>
    </frame>
    <frame>
      <class>java.awt.Component</class>
      <method>dispatchEvent</method>
      <line>4711</line>
    </frame>
    <frame>
      <class>java.awt.LightweightDispatcher</class>
      <method>retargetMouseEvent</method>
      <line>4888</line>
    </frame>
    <frame>
      <class>java.awt.LightweightDispatcher</class>
      <method>processMouseEvent</method>
      <line>4525</line>
    </frame>
    <frame>
      <class>java.awt.LightweightDispatcher</class>
      <method>dispatchEvent</method>
      <line>4466</line>
    </frame>
    <frame>
      <class>java.awt.Container</class>
      <method>dispatchEventImpl</method>
      <line>2280</line>
    </frame>
    <frame>
      <class>java.awt.Window</class>
      <method>dispatchEventImpl</method>
      <line>2746</line>
    </frame>
    <frame>
      <class>java.awt.Component</class>
      <method>dispatchEvent</method>
      <line>4711</line>
    </frame>
    <frame>
      <class>java.awt.EventQueue</class>
      <method>dispatchEventImpl</method>
      <line>758</line>
    </frame>
    <frame>
      <class>java.awt.EventQueue</class>
      <method>access$500</method>
      <line>97</line>
    </frame>
    <frame>
      <class>java.awt.EventQueue$3</class>
      <method>run</method>
      <line>709</line>
    </frame>
    <frame>
      <class>java.awt.EventQueue$3</class>
      <method>run</method>
      <line>703</line>
    </frame>
    <frame>
      <class>java.security.AccessController</class>
      <method>doPrivileged</method>
    </frame>
    <frame>
      <class>java.security.ProtectionDomain$JavaSecurityAccessImpl</class>
      <method>doIntersectionPrivilege</method>
      <line>80</line>
    </frame>
    <frame>
      <class>java.security.ProtectionDomain$JavaSecurityAccessImpl</class>
      <method>doIntersectionPrivilege</method>
      <line>90</line>
    </frame>
    <frame>
      <class>java.awt.EventQueue$4</class>
      <method>run</method>
      <line>731</line>
    </frame>
    <frame>
      <class>java.awt.EventQueue$4</class>
      <method>run</method>
      <line>729</line>
    </frame>
    <frame>
      <class>java.security.AccessController</class>
      <method>doPrivileged</method>
    </frame>
    <frame>
      <class>java.security.ProtectionDomain$JavaSecurityAccessImpl</class>
      <method>doIntersectionPrivilege</method>
      <line>80</line>
    </frame>
    <frame>
      <class>java.awt.EventQueue</class>
      <method>dispatchEvent</method>
      <line>728</line>
    </frame>
    <frame>
      <class>java.awt.EventDispatchThread</class>
      <method>pumpOneEventForFilters</method>
      <line>201</line>
    </frame>
    <frame>
      <class>java.awt.EventDispatchThread</class>
      <method>pumpEventsForFilter</method>
      <line>116</line>
    </frame>
    <frame>
      <class>java.awt.EventDispatchThread</class>
      <method>pumpEventsForHierarchy</method>
      <line>105</line>
    </frame>
    <frame>
      <class>java.awt.EventDispatchThread</class>
      <method>pumpEvents</method>
      <line>101</line>
    </frame>
    <frame>
      <class>java.awt.EventDispatchThread</class>
      <method>pumpEvents</method>
      <line>93</line>
    </frame>
    <frame>
      <class>java.awt.EventDispatchThread</class>
      <method>run</method>
      <line>82</line>
    </frame>
  </exception>
</record>
